<?xml version="1.0" encoding="UTF-8"?>
<!-- Generated by org.testng.reporters.JUnitXMLReporter -->
<testsuite ignored="0" hostname="THUG" failures="3" tests="3" name="Default test" time="117.966" errors="0" timestamp="2022-07-29T23:04:36 IST">
  <testcase classname="io.cucumber.testng.AbstractTestNGCucumberTests" name="runScenario" time="77.318">
    <failure type="java.lang.NullPointerException" message="Cannot invoke &amp;quot;org.openqa.selenium.WebDriver.getTitle()&amp;quot; because &amp;quot;this.driver&amp;quot; is null">
      <![CDATA[java.lang.NullPointerException: Cannot invoke "org.openqa.selenium.WebDriver.getTitle()" because "this.driver" is null
at pageObjectClass.LandingPageObject.getTitleLandingPage(LandingPageObject.java:47)
at stepDefinations.LandingPageStepDefination.user_is_on_greenkart_landing_page(LandingPageStepDefination.java:36)
at ✽.User is on Greenkart landing page(file:///C:/Users/debas/eclipse-workspace/CucumberFramework/src/test/java/features/CheckOut.feature:5)
]]>
    </failure>
  </testcase> <!-- runScenario -->
  <testcase classname="io.cucumber.testng.AbstractTestNGCucumberTests" name="runScenario" time="90.367">
    <failure type="java.lang.NullPointerException" message="Cannot invoke &amp;quot;org.openqa.selenium.WebDriver.getTitle()&amp;quot; because &amp;quot;this.driver&amp;quot; is null">
      <![CDATA[java.lang.NullPointerException: Cannot invoke "org.openqa.selenium.WebDriver.getTitle()" because "this.driver" is null
at pageObjectClass.LandingPageObject.getTitleLandingPage(LandingPageObject.java:47)
at stepDefinations.LandingPageStepDefination.user_is_on_greenkart_landing_page(LandingPageStepDefination.java:36)
at ✽.User is on Greenkart landing page(file:///C:/Users/debas/eclipse-workspace/CucumberFramework/src/test/java/features/SearchProduct.feature:4)
]]>
    </failure>
  </testcase> <!-- runScenario -->
  <testcase classname="io.cucumber.testng.AbstractTestNGCucumberTests" name="runScenario" time="112.32">
    <failure type="java.lang.NullPointerException" message="Cannot invoke &amp;quot;org.openqa.selenium.WebDriver.getTitle()&amp;quot; because &amp;quot;this.driver&amp;quot; is null">
      <![CDATA[java.lang.NullPointerException: Cannot invoke "org.openqa.selenium.WebDriver.getTitle()" because "this.driver" is null
at pageObjectClass.LandingPageObject.getTitleLandingPage(LandingPageObject.java:47)
at stepDefinations.LandingPageStepDefination.user_is_on_greenkart_landing_page(LandingPageStepDefination.java:36)
at ✽.User is on Greenkart landing page(file:///C:/Users/debas/eclipse-workspace/CucumberFramework/src/test/java/features/SearchProduct.feature:4)
]]>
    </failure>
  </testcase> <!-- runScenario -->
</testsuite> <!-- Default test -->
