<?xml version="1.0" encoding="UTF-8"?>
<!-- Generated by org.testng.reporters.JUnitReportReporter -->
<testsuite hostname="THUG" failures="1" tests="1" name="stepRunner.TestNGTestRunnerFailed" time="45.864" errors="0" timestamp="2022-07-30T19:38:29 IST" skipped="0">
  <testcase classname="stepRunner.TestNGTestRunnerFailed" name="runScenario" time="45.864">
    <failure message="expected [No data] but found [Beetroot]" type="java.lang.AssertionError">
      <![CDATA[java.lang.AssertionError: expected [No data] but found [Beetroot]
at org.testng.Assert.fail(Assert.java:110)
at org.testng.Assert.failNotEquals(Assert.java:1413)
at org.testng.Assert.assertEqualsImpl(Assert.java:149)
at org.testng.Assert.assertEquals(Assert.java:131)
at org.testng.Assert.assertEquals(Assert.java:655)
at org.testng.Assert.assertEquals(Assert.java:665)
at stepDefinations.OfferPageStepDefination.validate_the_products_of_both_the_pages(OfferPageStepDefination.java:47)
at âœ½.validate the products of both the pages(file:///C:/Users/debas/eclipse-workspace/CucumberFramework/src/test/java/features/SearchProduct.feature:7)
]]>
    </failure>
  </testcase> <!-- runScenario -->
  <system-out/>
</testsuite> <!-- stepRunner.TestNGTestRunnerFailed -->
